<?xml version="1.0" encoding="UTF-8"?>
<!-- Generated by org.testng.reporters.JUnitReportReporter -->
<testsuite hostname="LAPTOP-TFSM18GU" failures="0" tests="1" name="practice.AssertionPractice" time="0.012" errors="0" timestamp="2024-03-06T07:56:14 IST" skipped="0">
  <testcase classname="practice.AssertionPractice" name="sample" time="0.012"/>
  <system-out/>
</testsuite> <!-- practice.AssertionPractice -->
