<?xml version="1.0" encoding="UTF-8"?>
<!-- Generated by org.testng.reporters.JUnitReportReporter -->
<testsuite hostname="LAPTOP-TFSM18GU" failures="0" tests="1" name="contact_test.CreateContactWithLeadSource" time="23.524" errors="0" timestamp="2024-03-04T06:59:05 IST" skipped="0">
  <testcase classname="contact_test.CreateContactWithLeadSource" name="CreateContact" time="23.524"/>
  <system-out/>
</testsuite> <!-- contact_test.CreateContactWithLeadSource -->
