<?xml version="1.0" encoding="UTF-8"?>
<!-- Generated by org.testng.reporters.JUnitReportReporter -->
<testsuite hostname="LAPTOP-TFSM18GU" failures="0" tests="6" name="practice.TestNGPractice" time="0.023" errors="0" timestamp="2024-03-04T08:41:15 IST" skipped="1">
  <testcase classname="practice.TestNGPractice" name="CreateCustomer" time="0.014"/>
  <system-out/>
  <testcase classname="practice.TestNGPractice" name="deleteCustomer" time="0.004"/>
  <system-out/>
  <testcase classname="practice.TestNGPractice" name="editcustomer" time="0.002"/>
  <system-out/>
  <testcase classname="practice.TestNGPractice" name="editcustomer" time="0.001"/>
  <system-out/>
  <testcase classname="practice.TestNGPractice" name="modifyCustomer" time="0.002"/>
  <system-out/>
  <testcase classname="practice.TestNGPractice" name="viewCustomer">
    <skipped/>
  </testcase> <!-- viewCustomer -->
  <system-out/>
</testsuite> <!-- practice.TestNGPractice -->
